<?xml version="1.0" encoding="UTF-8"?>
<!-- Generated by org.testng.reporters.JUnitReportReporter -->
<testsuite hostname="DESKTOP-LF0B41U" failures="0" tests="6" name="com.dataprovide.Excel_DataProvide" time="0.012" errors="0" timestamp="2022-07-19T21:41:26 IST" skipped="0">
  <testcase classname="com.dataprovide.Excel_DataProvide" name="excelData" time="0.001"/>
  <system-out/>
  <testcase classname="com.dataprovide.Excel_DataProvide" name="excelData" time="0.005"/>
  <system-out/>
  <testcase classname="com.dataprovide.Excel_DataProvide" name="excelData" time="0.001"/>
  <system-out/>
  <testcase classname="com.dataprovide.Excel_DataProvide" name="excelData" time="0.001"/>
  <system-out/>
  <testcase classname="com.dataprovide.Excel_DataProvide" name="excelData" time="0.003"/>
  <system-out/>
  <testcase classname="com.dataprovide.Excel_DataProvide" name="excelData" time="0.001"/>
  <system-out/>
</testsuite> <!-- com.dataprovide.Excel_DataProvide -->
