<?xml version="1.0" encoding="UTF-8"?>
<!-- Generated by org.testng.reporters.JUnitReportReporter -->
<testsuite hostname="DESKTOP-LF0B41U" failures="0" tests="1" name="com.pack.Verify_Org" time="48.999" errors="0" timestamp="2022-07-05T14:44:51 IST" skipped="0">
  <testcase classname="com.pack.Verify_Org" name="createOrgDeleteVerify" time="48.999"/>
  <system-out/>
</testsuite> <!-- com.pack.Verify_Org -->
