<?xml version="1.0" encoding="UTF-8"?>
<!-- Generated by org.testng.reporters.JUnitReportReporter -->
<testsuite hostname="DESKTOP-LF0B41U" failures="0" tests="1" name="vtiger_tc.TestCase" time="0.006" errors="0" timestamp="2022-07-21T12:47:17 IST" skipped="0">
  <testcase classname="vtiger_tc.TestCase" name="test1" time="0.006"/>
  <system-out/>
</testsuite> <!-- vtiger_tc.TestCase -->
