<?xml version="1.0" encoding="UTF-8"?>
<!-- Generated by org.testng.reporters.JUnitReportReporter -->
<testsuite hostname="DESKTOP-LF0B41U" failures="0" tests="1" name="vtiger_tc.TC_103_Creat_Camp_Del_CampTest" time="31.168" errors="0" timestamp="2022-07-22T14:13:26 IST" skipped="0">
  <testcase classname="vtiger_tc.TC_103_Creat_Camp_Del_CampTest" name="createCampTest" time="31.168"/>
  <system-out/>
</testsuite> <!-- vtiger_tc.TC_103_Creat_Camp_Del_CampTest -->
