<?xml version="1.0" encoding="UTF-8"?>
<!-- Generated by org.testng.reporters.JUnitReportReporter -->
<testsuite hostname="DESKTOP-LF0B41U" failures="0" tests="6" name="com.testNG.practice.TetsNG_Flags" time="0.015" errors="0" timestamp="2022-07-18T13:16:08 IST" skipped="1">
  <testcase classname="com.testNG.practice.TetsNG_Flags" name="createAccount" time="0.002"/>
  <system-out/>
  <testcase classname="com.testNG.practice.TetsNG_Flags" name="buyNow" time="0.003"/>
  <system-out/>
  <testcase classname="com.testNG.practice.TetsNG_Flags" name="addToCart" time="0.001"/>
  <system-out/>
  <testcase classname="com.testNG.practice.TetsNG_Flags" name="addToCart" time="0.000"/>
  <system-out/>
  <testcase classname="com.testNG.practice.TetsNG_Flags" name="loginMe" time="0.009"/>
  <system-out/>
  <testcase classname="com.testNG.practice.TetsNG_Flags" name="logOut">
    <skipped/>
  </testcase> <!-- logOut -->
  <system-out/>
</testsuite> <!-- com.testNG.practice.TetsNG_Flags -->
