<?xml version="1.0" encoding="UTF-8"?>
<!-- Generated by org.testng.reporters.JUnitReportReporter -->
<testsuite hostname="DESKTOP-LF0B41U" failures="0" tests="1" name="vtiger_tc.TC_105_Create_Org_DDTest" time="27.910" errors="0" timestamp="2022-07-27T13:25:45 IST" skipped="0">
  <testcase classname="vtiger_tc.TC_105_Create_Org_DDTest" name="verifyIndustry" time="27.910"/>
  <system-out/>
</testsuite> <!-- vtiger_tc.TC_105_Create_Org_DDTest -->
