<?xml version="1.0" encoding="UTF-8"?>
<!-- Generated by org.testng.reporters.JUnitReportReporter -->
<testsuite hostname="DESKTOP-LF0B41U" failures="0" tests="1" name="vtiger_tc.VT_Industry" time="32.290" errors="0" timestamp="2022-07-12T14:56:27 IST" skipped="0">
  <testcase classname="vtiger_tc.VT_Industry" name="verifyIndustry" time="32.290"/>
  <system-out/>
</testsuite> <!-- vtiger_tc.VT_Industry -->
