<?xml version="1.0" encoding="UTF-8"?>
<!-- Generated by org.testng.reporters.JUnitReportReporter -->
<testsuite hostname="DESKTOP-LF0B41U" failures="0" tests="1" name="vtiger_tc.TC_101_Creat_CampTest" time="35.673" errors="0" timestamp="2022-07-21T21:57:50 IST" skipped="0">
  <testcase classname="vtiger_tc.TC_101_Creat_CampTest" name="createCampTest" time="35.673"/>
  <system-out/>
</testsuite> <!-- vtiger_tc.TC_101_Creat_CampTest -->
