<?xml version="1.0" encoding="UTF-8"?>
<!-- Generated by org.testng.reporters.JUnitReportReporter -->
<testsuite hostname="DESKTOP-LF0B41U" failures="0" tests="4" name="com.dataprovide.DataProvide1" time="0.016" errors="0" timestamp="2022-07-14T17:39:17 IST" skipped="0">
  <testcase classname="com.dataprovide.DataProvide1" name="testdata" time="0.003"/>
  <system-out/>
  <testcase classname="com.dataprovide.DataProvide1" name="testdata" time="0.003"/>
  <system-out/>
  <testcase classname="com.dataprovide.DataProvide1" name="testdata" time="0.008"/>
  <system-out/>
  <testcase classname="com.dataprovide.DataProvide1" name="testdata" time="0.002"/>
  <system-out/>
</testsuite> <!-- com.dataprovide.DataProvide1 -->
