<?xml version="1.0" encoding="UTF-8"?>
<!-- Generated by org.testng.reporters.JUnitReportReporter -->
<testsuite hostname="DESKTOP-LF0B41U" failures="0" tests="1" name="vtiger_tc.TC_103_Creat_Camp_Del_CampTest" time="34.247" errors="0" timestamp="2022-07-27T13:25:45 IST" skipped="0">
  <testcase classname="vtiger_tc.TC_103_Creat_Camp_Del_CampTest" name="createCampTest" time="34.247"/>
  <system-out/>
</testsuite> <!-- vtiger_tc.TC_103_Creat_Camp_Del_CampTest -->
