<?xml version="1.0" encoding="UTF-8"?>
<!-- Generated by org.testng.reporters.JUnitReportReporter -->
<testsuite hostname="DESKTOP-LF0B41U" failures="0" tests="1" name="com.pack.VT_Org" time="74.064" errors="0" timestamp="2022-07-04T12:14:43 IST" skipped="0">
  <testcase classname="com.pack.VT_Org" name="orgDelete" time="74.064"/>
  <system-out/>
</testsuite> <!-- com.pack.VT_Org -->
