<?xml version="1.0" encoding="UTF-8"?>
<!-- Generated by org.testng.reporters.JUnitReportReporter -->
<testsuite hostname="DESKTOP-LF0B41U" failures="0" tests="1" name="com.pack.TC_103_Create_Org_Del" time="48.516" errors="0" timestamp="2022-07-08T15:38:24 IST" skipped="0">
  <testcase classname="com.pack.TC_103_Create_Org_Del" name="createOrg" time="48.516"/>
  <system-out/>
</testsuite> <!-- com.pack.TC_103_Create_Org_Del -->
