<?xml version="1.0" encoding="UTF-8"?>
<!-- Generated by org.testng.reporters.JUnitReportReporter -->
<testsuite hostname="DESKTOP-LF0B41U" failures="0" tests="1" name="practice.Reports" time="16.738" errors="0" timestamp="2022-07-08T15:22:12 IST" skipped="0">
  <testcase classname="practice.Reports" name="reportCreation" time="16.738"/>
  <system-out/>
</testsuite> <!-- practice.Reports -->
