<?xml version="1.0" encoding="UTF-8"?>
<!-- Generated by org.testng.reporters.JUnitReportReporter -->
<testsuite hostname="DESKTOP-LF0B41U" failures="0" tests="1" name="vtiger_tc.TC_102_Create_Cont_DelTest" time="27.571" errors="0" timestamp="2022-07-21T22:04:09 IST" skipped="0">
  <testcase classname="vtiger_tc.TC_102_Create_Cont_DelTest" name="createCont" time="27.571"/>
  <system-out/>
</testsuite> <!-- vtiger_tc.TC_102_Create_Cont_DelTest -->
