<?xml version="1.0" encoding="UTF-8"?>
<!-- Generated by org.testng.reporters.JUnitReportReporter -->
<testsuite hostname="DESKTOP-LF0B41U" failures="0" tests="2" name="com.testNG.practice.Annotations2" time="0.009" errors="0" timestamp="2022-07-19T13:48:32 IST" skipped="0">
  <testcase classname="com.testNG.practice.Annotations2" name="annotations2_test2" time="0.001"/>
  <system-out/>
  <testcase classname="com.testNG.practice.Annotations2" name="annotations2_test1" time="0.008"/>
  <system-out/>
</testsuite> <!-- com.testNG.practice.Annotations2 -->
