<?xml version="1.0" encoding="UTF-8"?>
<!-- Generated by org.testng.reporters.JUnitReportReporter -->
<testsuite hostname="DESKTOP-LF0B41U" failures="0" tests="1" name="vtiger_tc.TC_102_Create_Org_DelTest" time="57.516" errors="0" timestamp="2022-07-27T13:25:45 IST" skipped="0">
  <testcase classname="vtiger_tc.TC_102_Create_Org_DelTest" name="createOrg" time="57.516"/>
  <system-out/>
</testsuite> <!-- vtiger_tc.TC_102_Create_Org_DelTest -->
