<?xml version="1.0" encoding="UTF-8"?>
<!-- Generated by org.testng.reporters.JUnitReportReporter -->
<testsuite hostname="DESKTOP-LF0B41U" failures="0" tests="1" name="com.pack.TC_102_Create_Cont_DelTest" time="39.405" errors="0" timestamp="2022-07-04T12:48:10 IST" skipped="0">
  <testcase classname="com.pack.TC_102_Create_Cont_DelTest" name="createCont" time="39.405"/>
  <system-out/>
</testsuite> <!-- com.pack.TC_102_Create_Cont_DelTest -->
