<?xml version="1.0" encoding="UTF-8"?>
<!-- Generated by org.testng.reporters.JUnitReportReporter -->
<testsuite hostname="DESKTOP-LF0B41U" failures="0" tests="2" name="com.testNG.practice.Annotation_2" time="0.008" errors="0" timestamp="2022-07-19T12:15:05 IST" skipped="0">
  <testcase classname="com.testNG.practice.Annotation_2" name="testcase1" time="0.004"/>
  <system-out/>
  <testcase classname="com.testNG.practice.Annotation_2" name="testcase2" time="0.004"/>
  <system-out/>
</testsuite> <!-- com.testNG.practice.Annotation_2 -->
