<?xml version="1.0" encoding="UTF-8"?>
<!-- Generated by org.testng.reporters.JUnitReportReporter -->
<testsuite hostname="DESKTOP-LF0B41U" failures="0" tests="1" name="vtiger_tc.VT_Industry" time="29.930" errors="0" timestamp="2022-07-21T20:10:52 IST" skipped="0">
  <testcase classname="vtiger_tc.VT_Industry" name="verifyIndustry" time="29.930"/>
  <system-out/>
</testsuite> <!-- vtiger_tc.VT_Industry -->
