<?xml version="1.0" encoding="UTF-8"?>
<!-- Generated by org.testng.reporters.JUnitReportReporter -->
<testsuite hostname="DESKTOP-LF0B41U" failures="0" tests="1" name="vtiger_tc.VT_Org" time="16.766" errors="0" timestamp="2022-07-21T13:57:53 IST" skipped="0">
  <testcase classname="vtiger_tc.VT_Org" name="orgTestCase1" time="16.766"/>
  <system-out/>
</testsuite> <!-- vtiger_tc.VT_Org -->
